2025-02-07 17:55:05,695 - logging_config - ERROR - Error processing dataset: File not found: train.csv
2025-02-07 17:55:29,057 - logging_config - ERROR - Error processing dataset: File not found: train.csv
2025-02-07 17:55:39,917 - data_type_converter - INFO - Inferring and converting data types...
2025-02-07 17:55:39,975 - logging_config - INFO - Dataset processing completed successfully
2025-02-07 17:56:31,641 - data_type_converter - INFO - Inferring and converting data types...
2025-02-07 17:56:31,702 - logging_config - INFO - Dataset processing completed successfully
2025-02-07 17:56:36,190 - data_type_converter - INFO - Inferring and converting data types...
2025-02-07 17:56:36,244 - logging_config - INFO - Dataset processing completed successfully
2025-02-07 17:57:05,894 - data_type_converter - INFO - Inferring and converting data types...
2025-02-07 17:57:05,945 - logging_config - INFO - Dataset processing completed successfully
2025-02-07 17:57:20,319 - data_type_converter - INFO - Inferring and converting data types...
2025-02-07 17:57:20,369 - logging_config - INFO - Dataset processing completed successfully
2025-02-07 18:00:11,721 - logging_config - ERROR - Error processing dataset: can only concatenate str (not "int") to str
2025-02-07 18:00:35,249 - data_type_converter - INFO - Inferring and converting data types...
2025-02-07 18:00:35,311 - duplicate_removal - INFO - Removing duplicate rows...
2025-02-07 18:00:35,348 - logging_config - INFO - Dataset processing completed successfully
2025-02-07 18:01:39,531 - data_type_converter - INFO - Inferring and converting data types...
2025-02-07 18:01:39,571 - duplicate_removal - INFO - Removing duplicate rows...
2025-02-07 18:01:39,596 - logging_config - INFO - Dataset processing completed successfully
2025-02-07 18:03:56,109 - data_type_converter - INFO - Inferring and converting data types...
2025-02-07 18:03:56,154 - duplicate_removal - INFO - Removing duplicate rows...
2025-02-07 18:03:56,164 - corr_anlys - INFO - Calculating correlations...
2025-02-07 18:03:56,166 - logging_config - ERROR - Error processing dataset: unsupported operand type(s) for /: 'str' and 'int'
2025-02-07 19:05:11,039 - data_type_converter - INFO - Inferring and converting data types...
2025-02-07 19:05:11,096 - duplicate_removal - INFO - Removing duplicate rows...
2025-02-07 19:05:11,109 - outlier - INFO - Removing outliers...
2025-02-07 19:05:11,136 - logging_config - INFO - Dataset processing completed successfully
2025-02-07 19:40:04,639 - data_type_converter - INFO - Inferring and converting data types...
2025-02-07 19:40:04,742 - duplicate_removal - INFO - Removing duplicate rows...
2025-02-07 19:40:04,756 - logging_config - ERROR - Error processing dataset: name 'categorize_columns' is not defined
2025-02-07 19:40:19,144 - data_type_converter - INFO - Inferring and converting data types...
2025-02-07 19:40:19,228 - duplicate_removal - INFO - Removing duplicate rows...
2025-02-07 19:40:19,249 - logging_config - ERROR - Error processing dataset: name 'categorize_columns' is not defined
2025-02-07 19:40:21,065 - data_type_converter - INFO - Inferring and converting data types...
2025-02-07 19:40:21,122 - duplicate_removal - INFO - Removing duplicate rows...
2025-02-07 19:40:21,138 - logging_config - ERROR - Error processing dataset: name 'categorize_columns' is not defined
2025-02-07 19:41:56,666 - data_type_converter - INFO - Inferring and converting data types...
2025-02-07 19:41:56,773 - duplicate_removal - INFO - Removing duplicate rows...
2025-02-07 19:41:56,782 - logging_config - ERROR - Error processing dataset: name 'cat_c' is not defined
2025-02-07 19:44:00,242 - data_type_converter - INFO - Inferring and converting data types...
2025-02-07 19:44:00,292 - duplicate_removal - INFO - Removing duplicate rows...
2025-02-07 19:44:00,300 - logging_config - ERROR - Error processing dataset: name 'cat_c' is not defined
2025-02-07 21:40:15,538 - data_type_converter - INFO - Inferring and converting data types...
2025-02-07 21:40:15,572 - duplicate_removal - INFO - Removing duplicate rows...
2025-02-07 21:40:15,596 - logging_config - INFO - Dataset processing completed successfully
2025-02-07 21:42:09,420 - data_type_converter - INFO - Inferring and converting data types...
2025-02-07 21:42:09,459 - duplicate_removal - INFO - Removing duplicate rows...
2025-02-07 21:42:09,477 - logging_config - ERROR - Error processing dataset: 0
2025-02-07 21:42:45,692 - data_type_converter - INFO - Inferring and converting data types...
2025-02-07 21:42:45,729 - duplicate_removal - INFO - Removing duplicate rows...
2025-02-07 21:42:45,761 - logging_config - INFO - Dataset processing completed successfully
2025-02-07 21:49:15,318 - data_type_converter - INFO - Inferring and converting data types...
2025-02-07 21:49:15,354 - duplicate_removal - INFO - Removing duplicate rows...
2025-02-07 21:49:15,365 - logging_config - ERROR - Error processing dataset: argument of type 'method' is not iterable
